<?xml version="1.0" encoding="UTF-8"?>
<!-- Generated by org.testng.reporters.JUnitReportReporter -->
<testsuite hostname="GEMGN-220022" failures="0" tests="1" name="Testing" time="4.975" errors="0" timestamp="2023-08-24T10:52:31 IST" skipped="0">
  <testcase classname="Testing" name="startBrowser" time="4.975"/>
  <system-out/>
</testsuite> <!-- Testing -->
